c:\users\mari_\source\repos\practica1\practica1\release\vc141.pdb
c:\users\mari_\source\repos\practica1\practica1\release\window.obj
c:\users\mari_\source\repos\practica1\practica1\release\texture.obj
c:\users\mari_\source\repos\practica1\practica1\release\spotlight.obj
c:\users\mari_\source\repos\practica1\practica1\release\sphere.obj
c:\users\mari_\source\repos\practica1\practica1\release\skybox.obj
c:\users\mari_\source\repos\practica1\practica1\release\shader_light.obj
c:\users\mari_\source\repos\practica1\practica1\release\proyecto.obj
c:\users\mari_\source\repos\practica1\practica1\release\pointlight.obj
c:\users\mari_\source\repos\practica1\practica1\release\model.obj
c:\users\mari_\source\repos\practica1\practica1\release\mesh_tn.obj
c:\users\mari_\source\repos\practica1\practica1\release\material.obj
c:\users\mari_\source\repos\practica1\practica1\release\light.obj
c:\users\mari_\source\repos\practica1\practica1\release\directionallight.obj
c:\users\mari_\source\repos\practica1\practica1\release\camera.obj
c:\users\mari_\source\repos\practica1\release\practica1.exe
c:\users\mari_\source\repos\practica1\release\practica1.pdb
c:\users\mari_\source\repos\practica1\release\practica1.ipdb
c:\users\mari_\source\repos\practica1\release\practica1.iobj
c:\users\mari_\source\repos\practica1\practica1\release\practica1.tlog\cl.command.1.tlog
c:\users\mari_\source\repos\practica1\practica1\release\practica1.tlog\cl.read.1.tlog
c:\users\mari_\source\repos\practica1\practica1\release\practica1.tlog\cl.write.1.tlog
c:\users\mari_\source\repos\practica1\practica1\release\practica1.tlog\link.command.1.tlog
c:\users\mari_\source\repos\practica1\practica1\release\practica1.tlog\link.read.1.tlog
c:\users\mari_\source\repos\practica1\practica1\release\practica1.tlog\link.write.1.tlog
c:\users\mari_\source\repos\practica1\practica1\release\practica1.tlog\practica1.write.1u.tlog
